#
# There is insufficient memory for the Java Runtime Environment to continue.
# Native memory allocation (mmap) failed to map 266338304 bytes. Error detail: G1 virtual space
# Possible reasons:
#   The system is out of physical RAM or swap space
#   This process is running with CompressedOops enabled, and the Java Heap may be blocking the growth of the native heap
# Possible solutions:
#   Reduce memory load on the system
#   Increase physical memory or swap space
#   Check if swap backing store is full
#   Decrease Java heap size (-Xmx/-Xms)
#   Decrease number of Java threads
#   Decrease Java thread stack sizes (-Xss)
#   Set larger code cache with -XX:ReservedCodeCacheSize=
#   JVM is running with Zero Based Compressed Oops mode in which the Java heap is
#     placed in the first 32GB address space. The Java Heap base address is the
#     maximum limit for the native heap growth. Please use -XX:HeapBaseMinAddress
#     to set the Java Heap base and to place the Java Heap above 32GB virtual address.
# This output file may be truncated or incomplete.
#
#  Out of Memory Error (os_windows.cpp:3825), pid=12240, tid=11384
#
# JRE version:  (17.0.11) (build )
# Java VM: OpenJDK 64-Bit Server VM (17.0.11+0--11852314, mixed mode, sharing, tiered, compressed oops, compressed class ptrs, g1 gc, windows-amd64)
# No core dump will be written. Minidumps are not enabled by default on client versions of Windows
#

---------------  S U M M A R Y ------------

Command Line: git4idea.http.GitAskPassApp Username for 'https://github.com': 

Host: 11th Gen Intel(R) Core(TM) i5-1135G7 @ 2.40GHz, 8 cores, 15G,  Windows 10 , 64 bit Build 19041 (10.0.19041.4957)
Time: Fri Oct 18 15:37:47 2024 SE Asia Standard Time elapsed time: 0.013860 seconds (0d 0h 0m 0s)

---------------  T H R E A D  ---------------

Current thread (0x000002971f2cc6b0):  JavaThread "Unknown thread" [_thread_in_vm, id=11384, stack(0x000000a4a2a00000,0x000000a4a2b00000)]

Stack: [0x000000a4a2a00000,0x000000a4a2b00000]
Native frames: (J=compiled Java code, j=interpreted, Vv=VM code, C=native code)
V  [jvm.dll+0x687bb9]
V  [jvm.dll+0x84142a]
V  [jvm.dll+0x8430ae]
V  [jvm.dll+0x843713]
V  [jvm.dll+0x24a35f]
V  [jvm.dll+0x684989]
V  [jvm.dll+0x67923a]
V  [jvm.dll+0x30af0b]
V  [jvm.dll+0x3123b6]
V  [jvm.dll+0x361dfe]
V  [jvm.dll+0x36202f]
V  [jvm.dll+0x2e0d38]
V  [jvm.dll+0x2e1ca4]
V  [jvm.dll+0x811f21]
V  [jvm.dll+0x36fb68]
V  [jvm.dll+0x7f0896]
V  [jvm.dll+0x3f3d2f]
V  [jvm.dll+0x3f58e1]
C  [jli.dll+0x528f]
C  [ucrtbase.dll+0x21bb2]
C  [KERNEL32.DLL+0x17374]
C  [ntdll.dll+0x4cc91]


---------------  P R O C E S S  ---------------

Threads class SMR info:
_java_thread_list=0x00007ff8e7d2efd8, length=0, elements={
}

Java Threads: ( => current thread )

Other Threads:
  0x000002971f336100 GCTaskThread "GC Thread#0" [stack: 0x000000a4a2b00000,0x000000a4a2c00000] [id=13768]
  0x000002971f346ce0 ConcurrentGCThread "G1 Main Marker" [stack: 0x000000a4a2c00000,0x000000a4a2d00000] [id=5932]
  0x000002971f349ed0 ConcurrentGCThread "G1 Conc#0" [stack: 0x000000a4a2d00000,0x000000a4a2e00000] [id=3612]

[error occurred during error reporting (printing all threads), id 0xc0000005, EXCEPTION_ACCESS_VIOLATION (0xc0000005) at pc=0x00007ff8e74e1907]

VM state: not at safepoint (not fully initialized)

VM Mutex/Monitor currently owned by a thread:  ([mutex/lock_event])
[0x000002971f2c88b0] Heap_lock - owner thread: 0x000002971f2cc6b0

Heap address: 0x0000000703600000, size: 4042 MB, Compressed Oops mode: Zero based, Oop shift amount: 3

CDS archive(s) mapped at: [0x0000000000000000-0x0000000000000000-0x0000000000000000), size 0, SharedBaseAddress: 0x0000000800000000, ArchiveRelocationMode: 1.
Narrow klass base: 0x0000000000000000, Narrow klass shift: 0, Narrow klass range: 0x0

GC Precious Log:
<Empty>

Heap:
 garbage-first heap   total 0K, used 0K [0x0000000703600000, 0x0000000800000000)
  region size 2048K, 0 young (0K), 0 survivors (0K)
 Metaspace       used 0K, committed 0K, reserved 0K
  class space    used 0K, committed 0K, reserved 0K

Heap Regions: E=young(eden), S=young(survivor), O=old, HS=humongous(starts), HC=humongous(continues), CS=collection set, F=free, OA=open archive, CA=closed archive, TAMS=top-at-mark-start (previous, next)

Card table byte_map: [0x00000297322c0000,0x0000029732ab0000] _byte_map_base: 0x000002972eaa5000

Marking Bits (Prev, Next): (CMBitMap*) 0x000002971f336720, (CMBitMap*) 0x000002971f336760
 Prev Bits: [0x00000297332a0000, 0x00000297371c8000)
 Next Bits: [0x00000297371d0000, 0x000002973b0f8000)

GC Heap History (0 events):
No events

Dll operation events (1 events):
Event: 0.008 Loaded shared library D:\Android\jbr\bin\java.dll

Deoptimization events (0 events):
No events

Classes unloaded (0 events):
No events

Classes redefined (0 events):
No events

Internal exceptions (0 events):
No events

VM Operations (0 events):
No events

Events (0 events):
No events


Dynamic libraries:
0x00007ff794c60000 - 0x00007ff794c6a000 	D:\Android\jbr\bin\java.exe
0x00007ff940d70000 - 0x00007ff940f68000 	C:\WINDOWS\SYSTEM32\ntdll.dll
0x00007ff940ba0000 - 0x00007ff940c62000 	C:\WINDOWS\System32\KERNEL32.DLL
0x00007ff93e860000 - 0x00007ff93eb5e000 	C:\WINDOWS\System32\KERNELBASE.dll
0x00007ff936240000 - 0x00007ff9362d4000 	C:\WINDOWS\SYSTEM32\apphelp.dll
0x00007ff93e520000 - 0x00007ff93e620000 	C:\WINDOWS\System32\ucrtbase.dll
0x00007ff933fb0000 - 0x00007ff933fcb000 	D:\Android\jbr\bin\VCRUNTIME140.dll
0x00007ff918d80000 - 0x00007ff918d97000 	D:\Android\jbr\bin\jli.dll
0x00007ff93f120000 - 0x00007ff93f2bd000 	C:\WINDOWS\System32\USER32.dll
0x00007ff93eb60000 - 0x00007ff93eb82000 	C:\WINDOWS\System32\win32u.dll
0x00007ff923d30000 - 0x00007ff923fca000 	C:\WINDOWS\WinSxS\amd64_microsoft.windows.common-controls_6595b64144ccf1df_6.0.19041.4355_none_60b8b9eb71f62e16\COMCTL32.dll
0x00007ff9401c0000 - 0x00007ff9401eb000 	C:\WINDOWS\System32\GDI32.dll
0x00007ff93f080000 - 0x00007ff93f11e000 	C:\WINDOWS\System32\msvcrt.dll
0x00007ff93e690000 - 0x00007ff93e7a7000 	C:\WINDOWS\System32\gdi32full.dll
0x00007ff93ecf0000 - 0x00007ff93ed8d000 	C:\WINDOWS\System32\msvcp_win.dll
0x00007ff93f4d0000 - 0x00007ff93f4ff000 	C:\WINDOWS\System32\IMM32.DLL
0x00007ff936160000 - 0x00007ff93616c000 	D:\Android\jbr\bin\vcruntime140_1.dll
0x00007ff918cf0000 - 0x00007ff918d7d000 	D:\Android\jbr\bin\msvcp140.dll
0x00007ff8e71f0000 - 0x00007ff8e7e73000 	D:\Android\jbr\bin\server\jvm.dll
0x00007ff940c70000 - 0x00007ff940d22000 	C:\WINDOWS\System32\ADVAPI32.dll
0x00007ff9401f0000 - 0x00007ff940290000 	C:\WINDOWS\System32\sechost.dll
0x00007ff93f5b0000 - 0x00007ff93f6d3000 	C:\WINDOWS\System32\RPCRT4.dll
0x00007ff93e460000 - 0x00007ff93e487000 	C:\WINDOWS\System32\bcrypt.dll
0x00007ff923b60000 - 0x00007ff923b69000 	C:\WINDOWS\SYSTEM32\WSOCK32.dll
0x00007ff93d950000 - 0x00007ff93d99b000 	C:\WINDOWS\SYSTEM32\POWRPROF.dll
0x00007ff93f750000 - 0x00007ff93f7bb000 	C:\WINDOWS\System32\WS2_32.dll
0x00007ff931e10000 - 0x00007ff931e1a000 	C:\WINDOWS\SYSTEM32\VERSION.dll
0x00007ff932b20000 - 0x00007ff932b47000 	C:\WINDOWS\SYSTEM32\WINMM.dll
0x00007ff93d810000 - 0x00007ff93d822000 	C:\WINDOWS\SYSTEM32\UMPDC.dll
0x00007ff93c2c0000 - 0x00007ff93c2d2000 	C:\WINDOWS\SYSTEM32\kernel.appcore.dll
0x00007ff93a840000 - 0x00007ff93a84a000 	D:\Android\jbr\bin\jimage.dll
0x00007ff93ba90000 - 0x00007ff93bc74000 	C:\WINDOWS\SYSTEM32\DBGHELP.DLL
0x00007ff932ad0000 - 0x00007ff932b04000 	C:\WINDOWS\SYSTEM32\dbgcore.DLL
0x00007ff93e490000 - 0x00007ff93e512000 	C:\WINDOWS\System32\bcryptPrimitives.dll
0x00007ff91f9c0000 - 0x00007ff91f9e5000 	D:\Android\jbr\bin\java.dll

dbghelp: loaded successfully - version: 4.0.5 - missing functions: none
symbol engine: initialized successfully - sym options: 0x614 - pdb path: .;D:\Android\jbr\bin;C:\WINDOWS\SYSTEM32;C:\WINDOWS\WinSxS\amd64_microsoft.windows.common-controls_6595b64144ccf1df_6.0.19041.4355_none_60b8b9eb71f62e16;D:\Android\jbr\bin\server

VM Arguments:
java_command: git4idea.http.GitAskPassApp Username for 'https://github.com': 
java_class_path (initial): D:/Android/plugins/vcs-git/lib/git4idea-rt.jar;D:/Android/lib/externalProcess-rt.jar
Launcher Type: SUN_STANDARD

[Global flags]
     intx CICompilerCount                          = 4                                         {product} {ergonomic}
     uint ConcGCThreads                            = 2                                         {product} {ergonomic}
     uint G1ConcRefinementThreads                  = 8                                         {product} {ergonomic}
   size_t G1HeapRegionSize                         = 2097152                                   {product} {ergonomic}
    uintx GCDrainStackTargetSize                   = 64                                        {product} {ergonomic}
   size_t InitialHeapSize                          = 266338304                                 {product} {ergonomic}
   size_t MarkStackSize                            = 4194304                                   {product} {ergonomic}
   size_t MaxHeapSize                              = 4238344192                                {product} {ergonomic}
   size_t MinHeapDeltaBytes                        = 2097152                                   {product} {ergonomic}
   size_t MinHeapSize                              = 8388608                                   {product} {ergonomic}
    uintx NonNMethodCodeHeapSize                   = 5839372                                {pd product} {ergonomic}
    uintx NonProfiledCodeHeapSize                  = 122909434                              {pd product} {ergonomic}
    uintx ProfiledCodeHeapSize                     = 122909434                              {pd product} {ergonomic}
    uintx ReservedCodeCacheSize                    = 251658240                              {pd product} {ergonomic}
     bool SegmentedCodeCache                       = true                                      {product} {ergonomic}
   size_t SoftMaxHeapSize                          = 4238344192                             {manageable} {ergonomic}
     bool UseCompressedClassPointers               = true                           {product lp64_product} {ergonomic}
     bool UseCompressedOops                        = true                           {product lp64_product} {ergonomic}
     bool UseG1GC                                  = true                                      {product} {ergonomic}
     bool UseLargePagesIndividualAllocation        = false                                  {pd product} {ergonomic}

Logging:
Log output configuration:
 #0: stdout all=warning uptime,level,tags
 #1: stderr all=off uptime,level,tags

Environment Variables:
JAVA_HOME=C:\Program Files\Java\jdk1.8.0_191
PATH=D:/Git/mingw64/libexec/git-core;D:/Git/mingw64/libexec/git-core;D:\Git\mingw64\bin;D:\Git\usr\bin;C:\Users\user\bin;C:\Program Files\OpenLogic\jdk-17.0.10.7-hotspot\bin;C:\Python311\Scripts\;C:\Python311\;C:\Program Files\Common Files\Oracle\Java\javapath;C:\Program Files\Microsoft MPI\Bin\;C:\Program Files (x86)\Common Files\Oracle\Java\javapath;C:\WINDOWS\system32;C:\WINDOWS;C:\WINDOWS\System32\Wbem;C:\WINDOWS\System32\WindowsPowerShell\v1.0\;C:\WINDOWS\System32\OpenSSH\;C:\Users\user\AppData\Local\Programs\Python\Python310\Scripts\;C:\mingw64\bin;C:\mingw64;C:\Program Files\Microsoft SQL Server\Client SDK\ODBC\170\Tools\Binn\;C:\Program Files (x86)\Microsoft SQL Server\150\Tools\Binn\;C:\Program Files\Microsoft SQL Server\150\Tools\Binn\;C:\Program Files\Microsoft SQL Server\150\DTS\Binn\;C:\Program Files (x86)\Java\jdk1.8.0_191\bin;C:\Program Files (x86)\Microsoft SQL Server\160\Tools\Binn\;C:\Program Files\Microsoft SQL Server\160\Tools\Binn\;C:\Program Files\Microsoft SQL Server\160\DTS\Binn\;C:\Program Files\Azure Data Studio\bin;C:\Program Files (x86)\Microsoft SQL Server\160\DTS\Binn\;C:\Program Files\apache-maven-3.9.1-bin\apache-maven-3.9.1\bin;C:\Program Files (x86)\Java\jdk1.8.0_191\bin;C:\Program Files (x86)\Java\jdk1.8.0_191\bin\;C:\Users\user\Downloads\apache-maven-3.6.0-bin\apache-maven-3.6.0\bin;D:\Git\cmd;C:\ProgramData\chocolatey\bin;C:\Program Files\dotnet\;C:\Program Files\MongoDB\Server\7.0\bin;D:\;D:\XAMPP\php;C:\ProgramData\ComposerSetup\bin;C:\Users\user\AppData\Local\Microsoft\WindowsApps;C:\Users\user\AppData\Local\Programs\Microsoft VS Code\bin;C:\Users\user\.dotnet\tools;D:\IntelliJ IDEA Community Edition 2024.1.1\bin;D:\WebStorm 2024.1.5\bin;C:\Users\user\AppData\Roaming\npm;C:\Users\user\AppData\Roaming\Composer\vendor\bin
USERNAME=user
DISPLAY=:0.0
LC_ALL=en_US.UTF-8
TERM=xterm-256color
TMPDIR=C:\Users\user\AppData\Local\Temp
OS=Windows_NT
PROCESSOR_IDENTIFIER=Intel64 Family 6 Model 140 Stepping 1, GenuineIntel
TMP=C:\Users\user\AppData\Local\Temp
TEMP=C:\Users\user\AppData\Local\Temp



Periodic native trim disabled

JNI global refs:
JNI global refs: 0, weak refs: 0

JNI global refs memory usage: 0, weak refs: 0

Process memory usage:
Resident Set Size: 11812K (0% of 16555320K total physical memory with 1152484K free physical memory)

OOME stack traces (most recent first):
Classloader memory used:


---------------  S Y S T E M  ---------------

OS:
 Windows 10 , 64 bit Build 19041 (10.0.19041.4957)
OS uptime: 3 days 6:09 hours
Hyper-V role detected

CPU: total 8 (initial active 8) (4 cores per cpu, 2 threads per core) family 6 model 140 stepping 1 microcode 0x8a, cx8, cmov, fxsr, ht, mmx, 3dnowpref, sse, sse2, sse3, ssse3, sse4.1, sse4.2, popcnt, lzcnt, tsc, tscinvbit, avx, avx2, aes, erms, clmul, bmi1, bmi2, adx, avx512f, avx512dq, avx512cd, avx512bw, avx512vl, sha, fma, vzeroupper, avx512_vpopcntdq, avx512_vpclmulqdq, avx512_vaes, avx512_vnni, clflush, clflushopt, clwb, avx512_vbmi2, avx512_vbmi, hv
Processor Information for all 8 processors :
  Max Mhz: 2419, Current Mhz: 2419, Mhz Limit: 2419

Memory: 4k page, system-wide physical 16167M (1124M free)
TotalPageFile size 24787M (AvailPageFile size 60M)
current process WorkingSet (physical memory assigned to process): 11M, peak: 11M
current process commit charge ("private bytes"): 60M, peak: 314M

vm_info: OpenJDK 64-Bit Server VM (17.0.11+0--11852314) for windows-amd64 JRE (17.0.11+0--11852314), built on May 16 2024 21:29:20 by "androidbuild" with MS VC++ 16.10 / 16.11 (VS2019)

END.
